0 info it worked if it ends with ok
1 verbose cli [ 'node', '/usr/local/bin/npm', 'install', 'ui-bootstrap' ]
2 info using npm@2.12.1
3 info using node@v0.12.7
4 verbose node symlink /usr/local/bin/node
5 verbose install initial load of /Users/Tara/Desktop/reve_academy/package.json
6 warn package.json reve_test@1.0.0 No repository field.
7 warn package.json reve_test@1.0.0 No README data
8 verbose installManyTop reading scoped package data from /Users/Tara/Desktop/reve_academy/node_modules/angular/package.json
9 verbose installManyTop reading scoped package data from /Users/Tara/Desktop/reve_academy/node_modules/angular-route/package.json
10 verbose installManyTop reading scoped package data from /Users/Tara/Desktop/reve_academy/node_modules/bcrypt/package.json
11 verbose installManyTop reading scoped package data from /Users/Tara/Desktop/reve_academy/node_modules/body-parser/package.json
12 verbose installManyTop reading scoped package data from /Users/Tara/Desktop/reve_academy/node_modules/bootstrap/package.json
13 verbose installManyTop reading scoped package data from /Users/Tara/Desktop/reve_academy/node_modules/cookie-parser/package.json
14 verbose installManyTop reading scoped package data from /Users/Tara/Desktop/reve_academy/node_modules/express/package.json
15 verbose installManyTop reading scoped package data from /Users/Tara/Desktop/reve_academy/node_modules/express-session/package.json
16 verbose installManyTop reading scoped package data from /Users/Tara/Desktop/reve_academy/node_modules/grunt/package.json
17 verbose installManyTop reading scoped package data from /Users/Tara/Desktop/reve_academy/node_modules/grunt-contrib-copy/package.json
18 verbose installManyTop reading scoped package data from /Users/Tara/Desktop/reve_academy/node_modules/grunt-contrib-uglify/package.json
19 verbose installManyTop reading scoped package data from /Users/Tara/Desktop/reve_academy/node_modules/jquery/package.json
20 verbose installManyTop reading scoped package data from /Users/Tara/Desktop/reve_academy/node_modules/mongoose/package.json
21 verbose installManyTop reading scoped package data from /Users/Tara/Desktop/reve_academy/node_modules/passport/package.json
22 verbose installManyTop reading scoped package data from /Users/Tara/Desktop/reve_academy/node_modules/passport-local/package.json
23 verbose installManyTop reading scoped package data from /Users/Tara/Desktop/reve_academy/node_modules/path/package.json
24 info package.json grunt@0.4.5 No license field.
25 info package.json jquery@2.1.4 No license field.
26 info package.json path@0.11.14 path is also the name of a node core module.
27 info package.json passport-local@1.0.0 No license field.
28 verbose readDependencies loading dependencies from /Users/Tara/Desktop/reve_academy/package.json
29 silly cache add args [ 'ui-bootstrap', null ]
30 verbose cache add spec ui-bootstrap
31 silly cache add parsed spec { raw: 'ui-bootstrap',
31 silly cache add   scope: null,
31 silly cache add   name: 'ui-bootstrap',
31 silly cache add   rawSpec: '',
31 silly cache add   spec: '*',
31 silly cache add   type: 'range' }
32 silly addNamed ui-bootstrap@*
33 verbose addNamed "*" is a valid semver range for ui-bootstrap
34 silly addNameRange { name: 'ui-bootstrap', range: '*', hasData: false }
35 silly mapToRegistry name ui-bootstrap
36 silly mapToRegistry using default registry
37 silly mapToRegistry registry https://registry.npmjs.org/
38 silly mapToRegistry uri https://registry.npmjs.org/ui-bootstrap
39 verbose addNameRange registry:https://registry.npmjs.org/ui-bootstrap not in flight; fetching
40 verbose request uri https://registry.npmjs.org/ui-bootstrap
41 verbose request no auth needed
42 info attempt registry request try #1 at 12:17:16
43 verbose request id e268cdd1ba864c92
44 http request GET https://registry.npmjs.org/ui-bootstrap
45 http 404 https://registry.npmjs.org/ui-bootstrap
46 verbose headers { 'content-type': 'application/json',
46 verbose headers   'cache-control': 'max-age=0',
46 verbose headers   'content-length': '2',
46 verbose headers   'accept-ranges': 'bytes',
46 verbose headers   date: 'Sat, 19 Sep 2015 17:17:11 GMT',
46 verbose headers   via: '1.1 varnish',
46 verbose headers   age: '0',
46 verbose headers   connection: 'keep-alive',
46 verbose headers   'x-served-by': 'cache-dfw1827-DFW',
46 verbose headers   'x-cache': 'MISS',
46 verbose headers   'x-cache-hits': '0',
46 verbose headers   'x-timer': 'S1442683031.089059,VS0,VE304' }
47 silly get cb [ 404,
47 silly get   { 'content-type': 'application/json',
47 silly get     'cache-control': 'max-age=0',
47 silly get     'content-length': '2',
47 silly get     'accept-ranges': 'bytes',
47 silly get     date: 'Sat, 19 Sep 2015 17:17:11 GMT',
47 silly get     via: '1.1 varnish',
47 silly get     age: '0',
47 silly get     connection: 'keep-alive',
47 silly get     'x-served-by': 'cache-dfw1827-DFW',
47 silly get     'x-cache': 'MISS',
47 silly get     'x-cache-hits': '0',
47 silly get     'x-timer': 'S1442683031.089059,VS0,VE304' } ]
48 verbose stack Error: Registry returned 404 for GET on https://registry.npmjs.org/ui-bootstrap
48 verbose stack     at CachingRegistryClient.<anonymous> (/usr/local/lib/node_modules/npm/node_modules/npm-registry-client/lib/request.js:239:14)
48 verbose stack     at Request._callback (/usr/local/lib/node_modules/npm/node_modules/npm-registry-client/lib/request.js:170:14)
48 verbose stack     at Request.self.callback (/usr/local/lib/node_modules/npm/node_modules/request/request.js:197:22)
48 verbose stack     at Request.emit (events.js:110:17)
48 verbose stack     at Request.<anonymous> (/usr/local/lib/node_modules/npm/node_modules/request/request.js:1050:14)
48 verbose stack     at Request.emit (events.js:129:20)
48 verbose stack     at IncomingMessage.<anonymous> (/usr/local/lib/node_modules/npm/node_modules/request/request.js:996:12)
48 verbose stack     at IncomingMessage.emit (events.js:129:20)
48 verbose stack     at _stream_readable.js:908:16
48 verbose stack     at process._tickCallback (node.js:355:11)
49 verbose statusCode 404
50 verbose pkgid ui-bootstrap
51 verbose cwd /Users/Tara/Desktop/reve_academy
52 error Darwin 14.3.0
53 error argv "node" "/usr/local/bin/npm" "install" "ui-bootstrap"
54 error node v0.12.7
55 error npm  v2.12.1
56 error code E404
57 error 404 Registry returned 404 for GET on https://registry.npmjs.org/ui-bootstrap
57 error 404
57 error 404 'ui-bootstrap' is not in the npm registry.
57 error 404 You should bug the author to publish it (or use the name yourself!)
57 error 404 It was specified as a dependency of 'reve_test'
57 error 404
57 error 404 Note that you can also install from a
57 error 404 tarball, folder, http url, or git url.
58 verbose exit [ 1, true ]
